app/proguard-rules.pro
# Room
-keep class * extends androidx.room.RoomDatabase
-keep @androidx.room.Entity class *
-keep @androidx.room.Dao interface *

# Hilt
-keep class dagger.hilt.** { *; }
-keep class javax.inject.** { *; }

# Kotlin Serialization
-keepattributes *Annotation*, InnerClasses
-dontnote kotlinx.serialization.AnnotationsKt
-keepclassmembers class kotlinx.serialization.json.** { *** Companion; }
-keepclasseswithmembers class **$$serializer { *; }
-keepclassmembers @kotlinx.serialization.Serializable class ** {
    *** Companion;
    kotlinx.serialization.KSerializer serializer(...);
}

# Keep @Serializable classes (nav routes, backup models)
-keep @kotlinx.serialization.Serializable class * { *; }

# Navigation Compose type-safe routes
-keep class com.voicejournal.app.ui.navigation.** { *; }