app/build/outputs/mapping/release/seeds.txt
com.voicejournal.app.data.local.db.entity.VoiceLogCategoryCrossRef
com.voicejournal.app.VoiceJournalApp
com.voicejournal.app.data.local.db.entity.VoiceNoteEntity
com.voicejournal.app.data.local.db.entity.VoiceLogEntity
com.voicejournal.app.data.local.db.VoiceJournalDatabase
com.voicejournal.app.data.local.db.VoiceJournalDatabase_Impl
com.voicejournal.app.VoiceJournalApp_GeneratedInjector
com.voicejournal.app.MainActivity_GeneratedInjector
com.voicejournal.app.data.local.db.entity.CategoryEntity
com.voicejournal.app.MainActivity
com.voicejournal.app.data.local.db.entity.PersonEntity
com.voicejournal.app.ui.navigation.LogDetail$$serializer: kotlinx.serialization.descriptors.SerialDescriptor descriptor
com.voicejournal.app.data.repository.BackupData$$serializer: kotlinx.serialization.descriptors.SerialDescriptor descriptor
com.voicejournal.app.data.repository.CategoryBackup$$serializer: kotlinx.serialization.descriptors.SerialDescriptor descriptor
com.voicejournal.app.data.repository.VoiceLogCategoryBackup$$serializer: kotlinx.serialization.descriptors.SerialDescriptor descriptor
com.voicejournal.app.ui.navigation.PersonDetail$$serializer: kotlinx.serialization.descriptors.SerialDescriptor descriptor
com.voicejournal.app.ui.navigation.Categories: com.voicejournal.app.ui.navigation.Categories INSTANCE
com.voicejournal.app.data.repository.VoiceLogCategoryBackup: com.voicejournal.app.data.repository.VoiceLogCategoryBackup$Companion Companion
com.voicejournal.app.ui.navigation.Settings: com.voicejournal.app.ui.navigation.Settings INSTANCE
com.voicejournal.app.ui.navigation.RecordFlow$$serializer: kotlinx.serialization.descriptors.SerialDescriptor descriptor
com.voicejournal.app.data.repository.PersonBackup: com.voicejournal.app.data.repository.PersonBackup$Companion Companion
com.voicejournal.app.data.repository.BackupData: com.voicejournal.app.data.repository.BackupData$Companion Companion
com.voicejournal.app.ui.navigation.LogDetail: com.voicejournal.app.ui.navigation.LogDetail$Companion Companion
com.voicejournal.app.data.repository.PersonBackup$$serializer: kotlinx.serialization.descriptors.SerialDescriptor descriptor
com.voicejournal.app.data.repository.VoiceNoteBackup: com.voicejournal.app.data.repository.VoiceNoteBackup$Companion Companion
com.voicejournal.app.ui.navigation.PeopleList: com.voicejournal.app.ui.navigation.PeopleList INSTANCE
com.voicejournal.app.data.repository.VoiceLogBackup$$serializer: kotlinx.serialization.descriptors.SerialDescriptor descriptor
com.voicejournal.app.data.repository.VoiceNoteBackup$$serializer: kotlinx.serialization.descriptors.SerialDescriptor descriptor
com.voicejournal.app.ui.navigation.RecordFlow: com.voicejournal.app.ui.navigation.RecordFlow$Companion Companion
com.voicejournal.app.data.repository.VoiceLogBackup: com.voicejournal.app.data.repository.VoiceLogBackup$Companion Companion
com.voicejournal.app.ui.navigation.Home: com.voicejournal.app.ui.navigation.Home INSTANCE
com.voicejournal.app.data.repository.CategoryBackup: com.voicejournal.app.data.repository.CategoryBackup$Companion Companion
com.voicejournal.app.ui.navigation.PersonDetail: com.voicejournal.app.ui.navigation.PersonDetail$Companion Companion
com.voicejournal.app.data.local.db.VoiceJournalDatabase_Impl: VoiceJournalDatabase_Impl()
com.voicejournal.app.ui.navigation.Home: kotlinx.serialization.KSerializer serializer()
com.voicejournal.app.VoiceJournalApp: VoiceJournalApp()
com.voicejournal.app.data.repository.PersonBackup$Companion: kotlinx.serialization.KSerializer serializer()
com.voicejournal.app.ui.navigation.LogDetail$Companion: kotlinx.serialization.KSerializer serializer()
com.voicejournal.app.ui.navigation.PersonDetail$Companion: kotlinx.serialization.KSerializer serializer()
com.voicejournal.app.data.repository.VoiceLogBackup$Companion: kotlinx.serialization.KSerializer serializer()
com.voicejournal.app.ui.navigation.RecordFlow$Companion: kotlinx.serialization.KSerializer serializer()
...
dagger.hilt.android.internal.lifecycle.HiltWrapper_DefaultViewModelFactories_ActivityModule
androidx.compose.foundation.ClickableElement
dagger.hilt.android.scopes.ViewModelScoped
dagger.hilt.android.components.ViewWithFragmentComponent
dagger.hilt.android.HiltAndroidApp
dagger.hilt.android.components.FragmentComponent
androidx.versionedparcelable.ParcelImpl
androidx.compose.ui.draw.DrawWithContentElement
androidx.compose.ui.draw.DrawWithCacheElement
dagger.hilt.android.internal.managers.ServiceComponentManager$ServiceComponentBuilderEntryPoint
dagger.hilt.processor.internal.generatesrootinput.codegen.dagger_hilt_android_HiltAndroidApp
androidx.compose.foundation.BorderModifierNodeElement
dagger.hilt.migration.DisableInstallInCheck
androidx.compose.ui.semantics.ClearAndSetSemanticsElement
dagger.hilt.internal.TestSingletonComponent
dagger.hilt.android.internal.builders.ViewModelComponentBuilder
dagger.hilt.processor.internal.generatesrootinput.codegen.dagger_hilt_migration_AliasOf
androidx.graphics.path.PathIteratorPreApi34Impl
dagger.hilt.android.lifecycle.HiltViewModelExtensions$addCreationCallback$1$1
androidx.compose.foundation.gestures.DraggableElement
dagger.hilt.android.lifecycle.package-info
androidx.graphics.path.ConicConverter
androidx.lifecycle.SavedStateHandlesVM
dagger.hilt.internal.Preconditions
androidx.compose.ui.graphics.BlockGraphicsLayerElement
dagger.hilt.android.internal.lifecycle.HiltViewModelFactory$ActivityCreatorEntryPoint
dagger.hilt.processor.internal.definecomponent.codegen._dagger_hilt_android_components_ActivityComponent
androidx.compose.foundation.layout.PaddingElement
dagger.hilt.android.internal.legacy.AggregatedElementProxy
androidx.compose.foundation.text.input.internal.LegacyAdaptingPlatformTextInputModifier
dagger.hilt.processor.internal.definecomponent.codegen._dagger_hilt_android_internal_builders_FragmentComponentBuilder
dagger.hilt.android.lifecycle.ActivityRetainedSavedState
androidx.compose.foundation.relocation.BringIntoViewRequesterElement
dagger.hilt.internal.aliasof.AliasOfPropagatedData
dagger.hilt.internal.generatesrootinput.GeneratesRootInputPropagatedData
dagger.hilt.android.internal.lifecycle.DefaultViewModelFactories
dagger.hilt.android.internal.managers.ServiceComponentManager
dagger.hilt.android.internal.modules.ApplicationContextModule_ProvideContextFactory
androidx.compose.foundation.BackgroundElement
dagger.hilt.android.internal.lifecycle.DefaultViewModelFactories$ActivityEntryPoint
dagger.hilt.android.internal.managers.SavedStateHandleModule
dagger.hilt.android.internal.managers.ViewComponentManager$ViewComponentBuilderEntryPoint
dagger.hilt.processor.internal.generatesrootinput.codegen.dagger_hilt_InstallIn
androidx.compose.foundation.layout.IntrinsicWidthElement
dagger.hilt.android.internal.managers.ViewComponentManager$FragmentContextWrapper
androidx.navigation.NavBackStackEntry$SavedStateViewModel
dagger.hilt.android.internal.lifecycle.HiltViewModelFactory$1
dagger.hilt.android.lifecycle.HiltViewModel
dagger.hilt.android.components.ViewComponent
androidx.compose.ui.focus.FocusRequesterElement
dagger.hilt.android.internal.builders.ActivityComponentBuilder
androidx.core.graphics.drawable.IconCompatParcelizer
androidx.emoji2.text.EmojiCompatInitializer
dagger.hilt.android.internal.modules.ApplicationContextModule_ProvideApplicationFactory
androidx.compose.foundation.text.handwriting.StylusHandwritingElementWithNegativePadding
dagger.hilt.android.flags.FragmentGetContextFix$DisableFragmentGetContextFix
dagger.hilt.package-info
dagger.hilt.android.scopes.ServiceScoped
dagger.hilt.android.migration.OptionalInjectCheck
dagger.hilt.android.internal.managers.ActivityRetainedComponentManager$1
androidx.core.graphics.drawable.IconCompat
dagger.hilt.processor.internal.definecomponent.codegen._dagger_hilt_android_internal_builders_ActivityRetainedComponentBuilder
javax.inject.Provider
dagger.hilt.internal.componenttreedeps.ComponentTreeDeps