app/build/outputs/mapping/release/usage.txt
com.voicejournal.app.BottomNavItem:
    public final java.lang.String component1()
    public final androidx.compose.ui.graphics.vector.ImageVector component2()
    public final java.lang.Object component3()
    public final com.voicejournal.app.BottomNavItem copy(java.lang.String,androidx.compose.ui.graphics.vector.ImageVector,java.lang.Object)
    public static synthetic com.voicejournal.app.BottomNavItem copy$default(com.voicejournal.app.BottomNavItem,java.lang.String,androidx.compose.ui.graphics.vector.ImageVector,java.lang.Object,int,java.lang.Object)
com.voicejournal.app.DaggerVoiceJournalApp_HiltComponents_SingletonC$ActivityCImpl$LazyClassKeyProvider:
    com.voicejournal.app.ui.categories.CategoriesViewModel com_voicejournal_app_ui_categories_CategoriesViewModel2
    com.voicejournal.app.ui.home.HomeViewModel com_voicejournal_app_ui_home_HomeViewModel2
    com.voicejournal.app.ui.logdetail.LogDetailViewModel com_voicejournal_app_ui_logdetail_LogDetailViewModel2
    com.voicejournal.app.ui.people.PeopleListViewModel com_voicejournal_app_ui_people_PeopleListViewModel2
    com.voicejournal.app.ui.people.PersonDetailViewModel com_voicejournal_app_ui_people_PersonDetailViewModel2
    com.voicejournal.app.ui.record.RecordFlowViewModel com_voicejournal_app_ui_record_RecordFlowViewModel2
    com.voicejournal.app.ui.settings.SettingsViewModel com_voicejournal_app_ui_settings_SettingsViewModel2
    private void <init>()
com.voicejournal.app.DaggerVoiceJournalApp_HiltComponents_SingletonC$ViewModelCImpl$LazyClassKeyProvider:
    com.voicejournal.app.ui.categories.CategoriesViewModel com_voicejournal_app_ui_categories_CategoriesViewModel2
    com.voicejournal.app.ui.home.HomeViewModel com_voicejournal_app_ui_home_HomeViewModel2
    com.voicejournal.app.ui.logdetail.LogDetailViewModel com_voicejournal_app_ui_logdetail_LogDetailViewModel2
    com.voicejournal.app.ui.people.PeopleListViewModel com_voicejournal_app_ui_people_PeopleListViewModel2
    com.voicejournal.app.ui.people.PersonDetailViewModel com_voicejournal_app_ui_people_PersonDetailViewModel2
    com.voicejournal.app.ui.record.RecordFlowViewModel com_voicejournal_app_ui_record_RecordFlowViewModel2
    com.voicejournal.app.ui.settings.SettingsViewModel com_voicejournal_app_ui_settings_SettingsViewModel2
    private void <init>()
com.voicejournal.app.DaggerVoiceJournalApp_HiltComponents_SingletonC:
    private void <init>()
com.voicejournal.app.Hilt_MainActivity:
    void <init>(int)
com.voicejournal.app.MainActivity:
    public static final int $stable
com.voicejournal.app.R$color
com.voicejournal.app.R$drawable
com.voicejournal.app.R$mipmap
com.voicejournal.app.R$string
com.voicejournal.app.R$style
com.voicejournal.app.R
com.voicejournal.app.VoiceJournalApp:
    public static final int $stable
com.voicejournal.app.VoiceJournalApp_ComponentTreeDeps
com.voicejournal.app.VoiceJournalApp_HiltComponents$ActivityC$Builder
com.voicejournal.app.VoiceJournalApp_HiltComponents$ActivityCBuilderModule
com.voicejournal.app.VoiceJournalApp_HiltComponents$ActivityRetainedC$Builder
com.voicejournal.app.VoiceJournalApp_HiltComponents$ActivityRetainedCBuilderModule
com.voicejournal.app.VoiceJournalApp_HiltComponents$FragmentC$Builder
com.voicejournal.app.VoiceJournalApp_HiltComponents$FragmentCBuilderModule
com.voicejournal.app.VoiceJournalApp_HiltComponents$ServiceC$Builder
com.voicejournal.app.VoiceJournalApp_HiltComponents$ServiceCBuilderModule
com.voicejournal.app.VoiceJournalApp_HiltComponents$ViewC$Builder
com.voicejournal.app.VoiceJournalApp_HiltComponents$ViewCBuilderModule
com.voicejournal.app.VoiceJournalApp_HiltComponents$ViewModelC$Builder
com.voicejournal.app.VoiceJournalApp_HiltComponents$ViewModelCBuilderModule
com.voicejournal.app.VoiceJournalApp_HiltComponents$ViewWithFragmentC$Builder
com.voicejournal.app.VoiceJournalApp_HiltComponents$ViewWithFragmentCBuilderModule
com.voicejournal.app.VoiceJournalApp_HiltComponents
...
androidx.compose.material.icons.twotone.SdStorageKt
androidx.compose.material.icons.twotone.SearchKt
androidx.compose.material.icons.twotone.SearchOffKt
androidx.compose.material.icons.twotone.SecurityKt
androidx.compose.material.icons.twotone.SecurityUpdateGoodKt
androidx.compose.material.icons.twotone.SecurityUpdateKt
androidx.compose.material.icons.twotone.SecurityUpdateWarningKt
androidx.compose.material.icons.twotone.SegmentKt
androidx.compose.material.icons.twotone.SelectAllKt
androidx.compose.material.icons.twotone.SelfImprovementKt
androidx.compose.material.icons.twotone.SellKt
androidx.compose.material.icons.twotone.SendAndArchiveKt
androidx.compose.material.icons.twotone.SendKt
androidx.compose.material.icons.twotone.SendTimeExtensionKt
androidx.compose.material.icons.twotone.SendToMobileKt
androidx.compose.material.icons.twotone.SensorDoorKt
androidx.compose.material.icons.twotone.SensorOccupiedKt
androidx.compose.material.icons.twotone.SensorWindowKt
androidx.compose.material.icons.twotone.SensorsKt
androidx.compose.material.icons.twotone.SensorsOffKt
androidx.compose.material.icons.twotone.SentimentDissatisfiedKt
androidx.compose.material.icons.twotone.SentimentNeutralKt
androidx.compose.material.icons.twotone.SentimentSatisfiedAltKt
androidx.compose.material.icons.twotone.SentimentSatisfiedKt
androidx.compose.material.icons.twotone.SentimentVeryDissatisfiedKt
androidx.compose.material.icons.twotone.SentimentVerySatisfiedKt
androidx.compose.material.icons.twotone.SetMealKt
androidx.compose.material.icons.twotone.SettingsAccessibilityKt
androidx.compose.material.icons.twotone.SettingsApplicationsKt
androidx.compose.material.icons.twotone.SettingsBackupRestoreKt
androidx.compose.material.icons.twotone.SettingsBluetoothKt
androidx.compose.material.icons.twotone.SettingsBrightnessKt
androidx.compose.material.icons.twotone.SettingsCellKt
androidx.compose.material.icons.twotone.SettingsEthernetKt
androidx.compose.material.icons.twotone.SettingsInputAntennaKt
androidx.compose.material.icons.twotone.SettingsInputComponentKt
androidx.compose.material.icons.twotone.SettingsInputCompositeKt
androidx.compose.material.icons.twotone.SettingsInputHdmiKt
androidx.compose.material.icons.twotone.SettingsInputSvideoKt
androidx.compose.material.icons.twotone.SettingsKt
androidx.compose.material.icons.twotone.SettingsOverscanKt
androidx.compose.material.icons.twotone.SettingsPhoneKt
androidx.compose.material.icons.twotone.SettingsPowerKt
androidx.compose.material.icons.twotone.SettingsRemoteKt
androidx.compose.material.icons.twotone.SettingsSuggestKt
androidx.compose.material.icons.twotone.SettingsSystemDaydreamKt
androidx.compose.material.icons.twotone.SettingsVoiceKt
androidx.compose.material.icons.twotone.SevereColdKt
androidx.compose.material.icons.twotone.ShapeLineKt
androidx.compose.material.icons.twotone.ShareKt
androidx.compose.material.icons.twotone.ShareLocationKt
androidx.compose.material.icons.twotone.ShieldKt
androidx.compose.material.icons.twotone.ShieldMoonKt
androidx.compose.material.icons.twotone.Shop2Kt
androidx.compose.material.icons.twotone.ShopKt
androidx.compose.material.icons.twotone.ShopTwoKt
androidx.compose.material.icons.twotone.ShoppingBagKt
androidx.compose.material.icons.twotone.ShoppingBasketKt
androidx.compose.material.icons.twotone.ShoppingCartCheckoutKt
androidx.compose.material.icons.twotone.ShoppingCartKt
androidx.compose.material.icons.twotone.ShortTextKt
androidx.compose.material.icons.twotone.ShortcutKt
androidx.compose.material.icons.twotone.ShowChartKt
androidx.compose.material.icons.twotone.ShowerKt
androidx.compose.material.icons.twotone.ShuffleKt
androidx.compose.material.icons.twotone.ShuffleOnKt
androidx.compose.material.icons.twotone.ShutterSpeedKt
androidx.compose.material.icons.twotone.SickKt
androidx.compose.material.icons.twotone.SignLanguageKt
androidx.compose.material.icons.twotone.SignalCellular0BarKt
androidx.compose.material.icons.twotone.SignalCellular4BarKt